make.exe all --print-data-base --no-builtin-variables --no-builtin-rules --question
# GNU Make 4.3
# Built for Windows32
# Copyright (C) 1988-2020 Free Software Foundation, Inc.
# License GPLv3+: GNU GPL version 3 or later <http://gnu.org/licenses/gpl.html>
# This is free software: you are free to change and redistribute it.
# There is NO WARRANTY, to the extent permitted by law.
 

# Make data base, printed on Sun Aug 21 09:30:07 2022

# Variables

# environment
FPS_BROWSER_APP_PROFILE_STRING = Internet Explorer
# environment
SYSTEMDRIVE = C:
# environment
JAVA_HOME = C:\PROGRA~1\Java\jdk1.8.0_211
# environment
LC_ALL = C
# environment
USERPROFILE = C:\Users\Bao Le
# environment
VBOX_MSI_INSTALL_PATH = D:\WORKING AREA\Udacity_Devops_cloud\VM\
# environment
LOCALAPPDATA = C:\Users\Bao Le\AppData\Local
# environment
VSCODE_CWD = C:\Users\Bao Le\AppData\Local\Programs\Microsoft VS Code
# environment
CHOCOLATEYINSTALL = C:\ProgramData\chocolatey
# environment
GPU_MAX_USE_SYNC_OBJECTS = 1
# environment
SYSTEMROOT = C:\Windows
# environment
PROCESSOR_LEVEL = 6
# environment
PSMODULEPATH = C:\Program Files\WindowsPowerShell\Modules;C:\Windows\system32\WindowsPowerShell\v1.0\Modules;C:\Program Files\Intel\Wired Networking\;C:\Program Files (x86)\Microsoft SQL Server\150\Tools\PowerShell\Modules\
# default
MAKE_COMMAND := C:/ProgramData/chocolatey/lib/make/tools/install/bin/make.exe
# environment
GPU_FORCE_64BIT_PTR = 0
# environment
NODE_HOME = C:\Program Files\nodejs
# automatic
@D = $(patsubst %/,%,$(patsubst %\,%,$(dir $@)))
# environment
CHROME_CRASHPAD_PIPE_NAME = \\.\pipe\crashpad_18292_HTLFOSHYQCQIDNXB
# environment
FPS_BROWSER_USER_PROFILE_STRING = Default
# environment
VSCODE_HANDLES_UNCAUGHT_ERRORS = true
# default
.VARIABLES := 
# automatic
%D = $(patsubst %/,%,$(patsubst %\,%,$(dir $%)))
# environment
GPU_MAX_HEAP_SIZE = 100
# automatic
^D = $(patsubst %/,%,$(patsubst %\,%,$(dir $^)))
# automatic
%F = $(notdir $%)
# environment
VSCODE_CODE_CACHE_PATH = C:\Users\Bao Le\AppData\Roaming\Code\CachedData\e4503b30fc78200f846c62cf8091b76ff5547662
# environment
LANG = C
# default
.LOADED := 
# environment
TMP = C:\Users\BAOLE~1\AppData\Local\Temp
# default
.INCLUDE_DIRS = .
# environment
PROCESSOR_ARCHITEW6432 = AMD64
# makefile
MAKEFLAGS = pqrR
# environment
ONEDRIVE = C:\Users\Bao Le\OneDrive
# makefile
CURDIR := d:/WORKING AREA/Udacity_Devops_cloud/udacity-aws-devop-baolm1/project-ml-microservice-kubernetes
# environment
APPLICATION_INSIGHTS_NO_DIAGNOSTIC_CHANNEL = true
# automatic
*D = $(patsubst %/,%,$(patsubst %\,%,$(dir $*)))
# environment
PROGRAMFILES = C:\Program Files (x86)
# environment
MFLAGS = -pqrR
# default
.SHELLFLAGS := -c
# environment
COMMONPROGRAMW6432 = C:\Program Files\Common Files
# automatic
+D = $(patsubst %/,%,$(patsubst %\,%,$(dir $+)))
# makefile (from 'Makefile', line 1)
MAKEFILE_LIST := Makefile
# automatic
@F = $(notdir $@)
# environment
VSCODE_PID = 18292
# automatic
?D = $(patsubst %/,%,$(patsubst %\,%,$(dir $?)))
# automatic
*F = $(notdir $*)
# environment
GPU_SINGLE_ALLOC_PERCENT = 100
# automatic
<D = $(patsubst %/,%,$(patsubst %\,%,$(dir $<)))
# environment
HADOOP_HOME = C:\hadoop
# environment
VSCODE_NLS_CONFIG = {"locale":"en-us","availableLanguages":{},"_languagePackSupport":true}
# environment
ONEDRIVECONSUMER = C:\Users\Bao Le\OneDrive
# default
MAKE_HOST := Windows32
# environment
GPU_USE_SYNC_OBJECTS = 1
# environment
PROGRAMDATA = C:\ProgramData
# default
SHELL := sh.exe
# environment
HOMEPATH = \Users\Bao Le
# default
MAKECMDGOALS := all
# environment
DRIVERDATA = C:\Windows\System32\Drivers\DriverData
# environment
COMSPEC = C:\Windows\system32\cmd.exe
# environment
GPU_MAX_SINGLE_ALLOC_PERCENT = 100
# environment
WINDIR = C:\Windows
# environment
GPU_MAX_ALLOC_PERCENT = 100
# environment
MAKELEVEL := 0
# default
MAKE = $(MAKE_COMMAND)
# environment
PATH = C:\Program Files (x86)\Common Files\Oracle\Java\javapath;C:\Windows\system32;C:\Windows;C:\Windows\System32\Wbem;C:\Windows\System32\WindowsPowerShell\v1.0\;C:\Windows\System32\OpenSSH\;C:\Program Files (x86)\NVIDIA Corporation\PhysX\Common;C:\Program Files\Git\cmd;C:\Program Files\Amazon\AWSCLIV2\;C:\Program Files (x86)\Microsoft SQL Server\100\Tools\Binn\VSShell\Common7\IDE\;C:\Program Files (x86)\Microsoft SQL Server\100\Tools\Binn\;C:\Program Files (x86)\Microsoft SQL Server\100\DTS\Binn\;C:\Program Files\Microsoft SQL Server\Client SDK\ODBC\170\Tools\Binn\;C:\Program Files (x86)\Microsoft SQL Server\150\Tools\Binn\;C:\Program Files\Microsoft SQL Server\150\Tools\Binn\;C:\Program Files\Microsoft SQL Server\150\DTS\Binn\;C:\Users\Bao Le\AppData\Local\Programs\Python\Python310;D:\WORKING AREA\POSTGRESQL\bin;C:\Program Files (x86)\Graphviz\bin;D:\WORKING AREA\DATA ENGINEER\apache-cassandra-3.11.6-bin\apache-cassandra-3.11.6\bin;C:\Users\Bao Le\AppData\Local\Programs\Python\Python310;C:\hadoop\bin;C:\Program Files\Docker\Docker\resources\bin;C:\ProgramData\DockerDesktop\version-bin;C:\PROGRA~1\Java\jdk1.8.0_211\bin;C:\Program Files (x86)\scala\bin;C:\Users\Bao Le\AppData\Roaming\nvm;C:\Program Files\nodejs;C:\ProgramData\chocolatey\bin;;C:\minikube;C:\Users\Bao Le\scoop\shims;C:\Users\Bao Le\AppData\Local\Programs\Python\Python310\Scripts\;C:\Users\Bao Le\AppData\Local\Programs\Python\Python310\;C:\Users\Bao Le\AppData\Local\Microsoft\WindowsApps;C:\Users\Bao Le\AppData\Roaming\npm;C:\Users\Bao Le\AppData\Local\Programs\Microsoft VS Code\bin;C:\Users\Bao Le\AppData\Roaming\nvm;C:\Program Files\nodejs
# environment
GPU_MAX_WORKGROUP_SIZE = 1024
# environment
ZES_ENABLE_SYSMAN = 1
# environment
COMPUTERNAME = DESKTOP-63LHIU8
# default
MAKEFILES := 
# automatic
^F = $(notdir $^)
# environment
PROMPT = $P$G
# environment
CHOCOLATEYLASTPATHUPDATE = 133025891332936682
# environment
CASSANDRA_HOME = D:\WORKING AREA\DATA ENGINEER\apache-cassandra-3.11.6-bin\apache-cassandra-3.11.6
# environment
LOGONSERVER = \\DESKTOP-63LHIU8
# environment
USERNAME = Bao Le
# environment
COMMONPROGRAMFILES = C:\Program Files (x86)\Co 
mmon Files
# automatic
?F = $(notdir $?)
# environment
PROGRAMW6432 = C:\Program Files
# environment
PATHEXT = .COM;.EXE;.BAT;.CMD;.VBS;.VBE;.JS;.JSE;.WSF;.WSH;.MSC
# automatic
+F = $(notdir $+)
# environment
ORIGINAL_XDG_CURRENT_DESKTOP = undefined
# environment
USERDOMAIN = DESKTOP-63LHIU8
# 'override' directive
GNUMAKEFLAGS := 
# environment
OS = Windows_NT
# makefile
.DEFAULT_GOAL := setup
# environment
NVM_HOME = C:\Users\Bao Le\AppData\Roaming\nvm
# default
MAKE_VERSION := 4.3
# environment
PROGRAMFILES(X86) = C:\Program Files (x86)
# environment
USERDOMAIN_ROAMINGPROFILE = DESKTOP-63LHIU8
# environment
NUMBER_OF_PROCESSORS = 6
# environment
PUBLIC = C:\Users\Public
# environment
GPU_ENABLE_LARGE_ALLOCATION = 100
# environment
APPDATA = C:\Users\Bao Le\AppData\Roaming
# environment
HOMEDRIVE = C:
# environment
NVM_SYMLINK = C:\Program Files\nodejs
# environment
PROCESSOR_ARCHITECTURE = x86
# environment
VSCODE_AMD_ENTRYPOINT = vs/workbench/api/node/extensionHostProcess
# environment
COMMONPROGRAMFILES(X86) = C:\Program Files (x86)\Common Files
# environment
ELECTRON_RUN_AS_NODE = 1
# environment
TEMP = C:\Users\BAOLE~1\AppData\Local\Temp
# environment
VSCODE_IPC_HOOK = \\.\pipe\46da29e4cc332a273f561928ca1eb4ce-1.70.2-main-sock
# default
.RECIPEPREFIX := 
# automatic
<F = $(notdir $<)
# default
SUFFIXES := 
# environment
ALLUSERSPROFILE = C:\ProgramData
# environment
SESSIONNAME = Console
# default
.FEATURES := target-specific order-only second-expansion else-if shortest-stem undefine oneshell nocomment grouped-target extra-prereqs archives jobserver output-sync load
# environment
PROCESSOR_REVISION = 9e0a
# environment
PROCESSOR_IDENTIFIER = Intel64 Family 6 Model 158 Stepping 10, GenuineIntel
# variable set hash-table stats:
# Load=109/1024=11%, Rehash=0, Collisions=12/139=9%

# Pattern-specific Variable Values

# No pattern-specific variable values.

# Directories

# . (key d:/WORKING AREA/Udacity_Devops_cloud/udacity-aws-devop-baolm1/project-ml-microservice-kubernetes, mtime 1661000348): 19 files, no impossibilities.

# 19 files, no impossibilities in 1 directories.

# Implicit Rules

# No implicit rules.

# Files

setup:
#  Implicit rule search has not been done.
#  Modification time never checked.
#  File has not been updated.
#  recipe to execute (from 'Makefile', line 9):
	python -m venv ~/.devops
	~\.devops\Scripts\activate.bat
	

lint:
#  Implicit rule search has not been done.
#  Modification time never checked.
#  File has not been updated.
#  recipe to execute (from 'Makefile', line 21):
	hadolint 
 Dockerfile
	pylint --disable=R,C,W1203,W1202 app.py

# Not a target:
Makefile:
#  Implicit rule search has been done.
#  Last modified 2022-08-20 20:36:39
#  File has been updated.
#  Successfully updated.

# Not a target:
.DEFAULT:
#  Implicit rule search has not been done.
#  Modification time never checked.
#  File has not been updated.

all: install lint test
#  Command line target.
#  Implicit rule search has been done.
#  File does not exist.
#  File has been updated.
#  Needs to be updated (-q is set).
# variable set hash-table stats:
# Load=0/32=0%, Rehash=0, Collisions=0/3=0%

test:
#  Implicit rule search has not been done.
#  Modification time never checked.
#  File has not been updated.
#  recipe to execute (from 'Makefile', line 17):
	#python -m pytest -vv --cov=myrepolib tests/*.py
	#python -m pytest --nbval notebook.ipynb

install:
#  Implicit rule search has not been done.
#  Implicit/static pattern stem: ''
#  File does not exist.
#  File has been updated.
#  Needs to be updated (-q is set).
# automatic
# @ := install
# automatic
# * := 
# automatic
# < := 
# automatic
# + := 
# automatic
# % := 
# automatic
# ^ := 
# automatic
# ? := 
# automatic
# | := 
# variable set hash-table stats:
# Load=8/32=25%, Rehash=0, Collisions=1/11=9%
#  recipe to execute (from 'Makefile', line 14):
	pip install --upgrade pip && pip install --no-cache-dir -r requirements.txt

# Not a target:
.SUFFIXES:
#  Implicit rule search has not been done.
#  Modification time never checked.
#  File has not been updated.

# files hash-table stats:
# Load=8/1024=1%, Rehash=0, Collisions=0/23=0%
# VPATH Search Paths

# No 'vpath' search paths.

# No general ('VPATH' variable) search path.

# strcache buffers: 1 (0) / strings = 26 / storage = 275 B / avg = 10 B
# current buf: size = 8174 B / used = 275 B / count = 26 / avg = 10 B

# strcache performance: lookups = 40 / hit rate = 35%
# hash-table stats:
# Load=26/8192=0%, Rehash=0, Collisions=0/40=0%
# Finished Make data base on Sun Aug 21 09:30:07 2022

 
